2022-05-26 14:05:48 Starting Mindville: 
2022-05-26 14:05:48 Starting Jira: 
2022-05-26 14:05:49 Starting IntelDAOS: 
2022-05-26 14:05:52 Starting Mojang: 
2022-05-26 14:07:04 Starting Sakai: 
2022-05-26 14:07:16 Starting RedHat: 
2022-05-26 14:07:16 Starting 01_Issues: 
2022-05-26 14:07:16 Starting SecondLife: 
2022-05-26 14:07:17 Starting Qt: 
2022-05-26 14:07:17 Starting JiraEcosystem: 
2022-05-26 14:07:32 Starting Spring: 
2022-05-26 14:07:32 Starting MongoDB: 
2022-05-26 14:07:32 Starting MariaDB: 
2022-05-26 14:07:32 Starting Hyperledger: 
2022-05-26 14:07:32 Starting Sonatype: 
2022-05-26 14:07:45 Starting Apache: 
2022-05-26 14:07:59 Starting JFrog: 
2022-05-26 14:09:57 all keys: <built-in method keys of dict object at 0x00000276E590B780>: 
2022-05-26 14:09:57 Starting Jira: 
2022-05-26 14:11:51 Starting RedHat: 
2022-05-26 14:17:48 Starting Qt: 
2022-05-26 14:19:09 Starting Spring: 
2022-05-26 14:20:21 Starting MongoDB: 
2022-05-26 14:29:15 Starting MariaDB: 
2022-05-26 14:30:10 Starting Hyperledger: 
2022-05-26 14:31:52 Starting Sonatype: 
2022-05-26 14:32:28 Starting Apache: 
2022-05-26 14:53:41 all keys: <built-in method keys of dict object at 0x00000276E590B780>: 
2022-05-26 14:53:41 Starting Jira: 
2022-05-26 14:55:31 Starting RedHat: 
2022-05-26 15:01:26 Starting Qt: 
2022-05-26 15:02:40 Starting Spring: 
2022-05-26 15:03:44 Starting MongoDB: 
2022-05-26 15:11:32 Starting MariaDB: 
2022-05-26 15:12:19 Starting Hyperledger: 
2022-05-26 15:13:47 Starting Sonatype: 
2022-05-26 15:14:17 Starting Apache: 
2022-05-26 15:31:55 all keys: <built-in method keys of dict object at 0x00000276E590B780>: 
2022-05-26 15:31:55 Starting Jira: 
2022-05-26 15:33:51 Starting RedHat: 
2022-05-26 15:40:01 Starting Qt: 
2022-05-26 15:41:19 Starting Spring: 
2022-05-26 15:42:29 Starting MongoDB: 
2022-05-26 15:50:16 Starting MariaDB: 
2022-05-26 15:51:03 Starting Hyperledger: 
2022-05-26 15:52:30 Starting Sonatype: 
2022-05-26 15:53:01 Starting Apache: 
2022-05-27 15:15:50 all keys: <built-in method keys of dict object at 0x00000276E590B780>: 
2022-05-27 15:15:50 Starting Jira: 
2022-05-27 15:16:23 all keys: <built-in method keys of dict object at 0x00000276E590B780>: 
2022-05-27 15:16:23 Starting Jira: 
2022-05-27 15:16:49 all keys: <built-in method keys of dict object at 0x00000276E590B780>: 
2022-05-27 15:16:49 Starting Jira: 
2022-05-27 15:18:48 Starting RedHat: 
2022-05-27 15:21:15 Starting Mindville: 
2022-05-27 15:21:15 Starting Jira: 
2022-05-27 15:21:16 Starting IntelDAOS: 
2022-05-27 15:21:19 Starting Mojang: 
2022-05-27 15:23:51 Starting Mindville: 
2022-05-27 15:23:51 Starting Jira: 
2022-05-27 15:23:52 Starting IntelDAOS: 
2022-05-27 15:24:13 Starting Mindville: 
2022-05-27 15:24:13 Starting Jira: 
2022-05-27 15:24:15 Starting IntelDAOS: 
2022-05-27 15:24:17 Starting Mojang: 
2022-05-27 15:25:31 Starting Sakai: 
2022-05-27 15:25:44 Starting 01_Issues: 
2022-05-27 15:26:50 Starting Mindville: 
2022-05-27 15:26:50 Starting Jira: 
2022-05-27 15:26:51 Starting IntelDAOS: 
2022-05-27 15:26:54 Starting Mojang: 
2022-05-27 15:28:04 Starting Sakai: 
2022-05-27 15:28:15 Starting RedHat: 
2022-05-27 15:28:15 Starting SecondLife: 
2022-05-27 15:28:16 Starting Qt: 
2022-05-27 15:28:16 Starting JiraEcosystem: 
2022-05-27 15:28:32 Starting Spring: 
2022-05-27 15:28:32 Starting Test: 
2022-05-27 15:32:29 Starting Mindville: 
2022-05-27 15:32:30 Starting Jira: 
2022-05-27 15:32:31 Starting IntelDAOS: 
2022-05-27 15:32:34 Starting Mojang: 
2022-05-27 15:33:41 Starting Sakai: 
2022-05-27 15:33:53 Starting RedHat: 
2022-05-27 15:33:53 Starting SecondLife: 
2022-05-27 15:33:54 Starting Qt: 
2022-05-27 15:33:54 Starting JiraEcosystem: 
2022-05-27 15:34:09 Starting Spring: 
2022-05-27 15:34:09 Starting MongoDB: 
2022-05-27 15:34:09 Starting MariaDB: 
2022-05-27 15:34:09 Starting Hyperledger: 
2022-05-27 15:34:09 Starting Sonatype: 
2022-05-27 15:34:22 Starting Apache: 
2022-05-27 15:34:35 Starting JFrog: 
2022-05-27 15:44:43 all keys: <built-in method keys of dict object at 0x000001620B466900>: 
2022-05-27 15:44:43 Starting Jira: 
2022-05-27 15:46:35 Starting RedHat: 
2022-05-27 15:52:40 Starting Qt: 
2022-05-27 15:53:56 Starting Spring: 
2022-05-27 15:55:03 Starting MongoDB: 
2022-05-27 16:03:02 Starting MariaDB: 
2022-05-27 16:03:50 Starting Hyperledger: 
2022-05-27 16:05:18 Starting Sonatype: 
2022-05-27 16:05:50 Starting Apache: 
